<?xml version="1.0" encoding="UTF-8"?>
<testsuites>
  <testsuite name="CLI Arguments" tests="1" assertions="1" errors="0" failures="0" skipped="0" time="0.000398">
    <testsuite name="HumanTest" file="/Users/m.pallenberg/Projects/php/test/HumanTest.php" tests="1" assertions="1" errors="0" failures="0" skipped="0" time="0.000398">
      <testcase name="testCreateHuman" file="/Users/m.pallenberg/Projects/php/test/HumanTest.php" line="8" class="HumanTest" classname="HumanTest" assertions="1" time="0.000398"/>
    </testsuite>
  </testsuite>
</testsuites>
